<?xml version="1.0" encoding="UTF-8"?>
<testsuite name="com.barrelcrash.urlshortener.UrlshortenerApplicationTests" tests="1" skipped="0" failures="0" errors="0" timestamp="2019-02-17T01:18:30" hostname="perosteck" time="0.054">
  <properties/>
  <testcase name="contextLoads" classname="com.barrelcrash.urlshortener.UrlshortenerApplicationTests" time="0.054"/>
  <system-out><![CDATA[20:18:23.989 [Test worker] DEBUG org.springframework.test.context.junit4.SpringJUnit4ClassRunner - SpringJUnit4ClassRunner constructor called with [class com.barrelcrash.urlshortener.UrlshortenerApplicationTests]
20:18:23.993 [Test worker] DEBUG org.springframework.test.context.BootstrapUtils - Instantiating CacheAwareContextLoaderDelegate from class [org.springframework.test.context.cache.DefaultCacheAwareContextLoaderDelegate]
20:18:23.999 [Test worker] DEBUG org.springframework.test.context.BootstrapUtils - Instantiating BootstrapContext using constructor [public org.springframework.test.context.support.DefaultBootstrapContext(java.lang.Class,org.springframework.test.context.CacheAwareContextLoaderDelegate)]
20:18:24.013 [Test worker] DEBUG org.springframework.test.context.BootstrapUtils - Instantiating TestContextBootstrapper for test class [com.barrelcrash.urlshortener.UrlshortenerApplicationTests] from class [org.springframework.boot.test.context.SpringBootTestContextBootstrapper]
20:18:24.022 [Test worker] INFO org.springframework.boot.test.context.SpringBootTestContextBootstrapper - Neither @ContextConfiguration nor @ContextHierarchy found for test class [com.barrelcrash.urlshortener.UrlshortenerApplicationTests], using SpringBootContextLoader
20:18:24.025 [Test worker] DEBUG org.springframework.test.context.support.AbstractContextLoader - Did not detect default resource location for test class [com.barrelcrash.urlshortener.UrlshortenerApplicationTests]: class path resource [com/barrelcrash/urlshortener/UrlshortenerApplicationTests-context.xml] does not exist
20:18:24.025 [Test worker] DEBUG org.springframework.test.context.support.AbstractContextLoader - Did not detect default resource location for test class [com.barrelcrash.urlshortener.UrlshortenerApplicationTests]: class path resource [com/barrelcrash/urlshortener/UrlshortenerApplicationTestsContext.groovy] does not exist
20:18:24.025 [Test worker] INFO org.springframework.test.context.support.AbstractContextLoader - Could not detect default resource locations for test class [com.barrelcrash.urlshortener.UrlshortenerApplicationTests]: no resource found for suffixes {-context.xml, Context.groovy}.
20:18:24.026 [Test worker] INFO org.springframework.test.context.support.AnnotationConfigContextLoaderUtils - Could not detect default configuration classes for test class [com.barrelcrash.urlshortener.UrlshortenerApplicationTests]: UrlshortenerApplicationTests does not declare any static, non-private, non-final, nested classes annotated with @Configuration.
20:18:24.057 [Test worker] DEBUG org.springframework.test.context.support.ActiveProfilesUtils - Could not find an 'annotation declaring class' for annotation type [org.springframework.test.context.ActiveProfiles] and class [com.barrelcrash.urlshortener.UrlshortenerApplicationTests]
20:18:24.107 [Test worker] DEBUG org.springframework.context.annotation.ClassPathScanningCandidateComponentProvider - Identified candidate component class: file [/home/barrelcrash/repos/urlshortener/backend/build/classes/java/main/com/barrelcrash/urlshortener/UrlshortenerApplication.class]
20:18:24.108 [Test worker] INFO org.springframework.boot.test.context.SpringBootTestContextBootstrapper - Found @SpringBootConfiguration com.barrelcrash.urlshortener.UrlshortenerApplication for test class com.barrelcrash.urlshortener.UrlshortenerApplicationTests
20:18:24.177 [Test worker] DEBUG org.springframework.boot.test.context.SpringBootTestContextBootstrapper - @TestExecutionListeners is not present for class [com.barrelcrash.urlshortener.UrlshortenerApplicationTests]: using defaults.
20:18:24.178 [Test worker] INFO org.springframework.boot.test.context.SpringBootTestContextBootstrapper - Loaded default TestExecutionListener class names from location [META-INF/spring.factories]: [org.springframework.boot.test.autoconfigure.restdocs.RestDocsTestExecutionListener, org.springframework.boot.test.autoconfigure.web.client.MockRestServiceServerResetTestExecutionListener, org.springframework.boot.test.autoconfigure.web.servlet.MockMvcPrintOnlyOnFailureTestExecutionListener, org.springframework.boot.test.autoconfigure.web.servlet.WebDriverTestExecutionListener, org.springframework.boot.test.mock.mockito.MockitoTestExecutionListener, org.springframework.boot.test.mock.mockito.ResetMocksTestExecutionListener, org.springframework.test.context.web.ServletTestExecutionListener, org.springframework.test.context.support.DirtiesContextBeforeModesTestExecutionListener, org.springframework.test.context.support.DependencyInjectionTestExecutionListener, org.springframework.test.context.support.DirtiesContextTestExecutionListener, org.springframework.test.context.transaction.TransactionalTestExecutionListener, org.springframework.test.context.jdbc.SqlScriptsTestExecutionListener]
20:18:24.189 [Test worker] INFO org.springframework.boot.test.context.SpringBootTestContextBootstrapper - Using TestExecutionListeners: [org.springframework.test.context.web.ServletTestExecutionListener@7fc56134, org.springframework.test.context.support.DirtiesContextBeforeModesTestExecutionListener@7a10c46e, org.springframework.boot.test.mock.mockito.MockitoTestExecutionListener@71003b14, org.springframework.boot.test.autoconfigure.SpringBootDependencyInjectionTestExecutionListener@4aa49ef1, org.springframework.test.context.support.DirtiesContextTestExecutionListener@1e3c9a50, org.springframework.test.context.transaction.TransactionalTestExecutionListener@62731e4d, org.springframework.test.context.jdbc.SqlScriptsTestExecutionListener@12db518c, org.springframework.boot.test.autoconfigure.restdocs.RestDocsTestExecutionListener@7ce61630, org.springframework.boot.test.autoconfigure.web.client.MockRestServiceServerResetTestExecutionListener@6f2ede6, org.springframework.boot.test.autoconfigure.web.servlet.MockMvcPrintOnlyOnFailureTestExecutionListener@7c890a03, org.springframework.boot.test.autoconfigure.web.servlet.WebDriverTestExecutionListener@3416632f, org.springframework.boot.test.mock.mockito.ResetMocksTestExecutionListener@780db40b]
20:18:24.190 [Test worker] DEBUG org.springframework.test.annotation.ProfileValueUtils - Retrieved @ProfileValueSourceConfiguration [null] for test class [com.barrelcrash.urlshortener.UrlshortenerApplicationTests]
20:18:24.191 [Test worker] DEBUG org.springframework.test.annotation.ProfileValueUtils - Retrieved ProfileValueSource type [class org.springframework.test.annotation.SystemProfileValueSource] for class [com.barrelcrash.urlshortener.UrlshortenerApplicationTests]
20:18:24.191 [Test worker] DEBUG org.springframework.test.annotation.ProfileValueUtils - Retrieved @ProfileValueSourceConfiguration [null] for test class [com.barrelcrash.urlshortener.UrlshortenerApplicationTests]
20:18:24.191 [Test worker] DEBUG org.springframework.test.annotation.ProfileValueUtils - Retrieved ProfileValueSource type [class org.springframework.test.annotation.SystemProfileValueSource] for class [com.barrelcrash.urlshortener.UrlshortenerApplicationTests]
20:18:24.194 [Test worker] DEBUG org.springframework.test.context.support.AbstractDirtiesContextTestExecutionListener - Before test class: context [DefaultTestContext@61a2328b testClass = UrlshortenerApplicationTests, testInstance = [null], testMethod = [null], testException = [null], mergedContextConfiguration = [WebMergedContextConfiguration@4a506f14 testClass = UrlshortenerApplicationTests, locations = '{}', classes = '{class com.barrelcrash.urlshortener.UrlshortenerApplication}', contextInitializerClasses = '[]', activeProfiles = '{}', propertySourceLocations = '{}', propertySourceProperties = '{org.springframework.boot.test.context.SpringBootTestContextBootstrapper=true}', contextCustomizers = set[org.springframework.boot.test.autoconfigure.properties.PropertyMappingContextCustomizer@0, org.springframework.boot.test.autoconfigure.web.servlet.WebDriverContextCustomizerFactory$Customizer@7990a3e, org.springframework.boot.test.context.filter.ExcludeFilterContextCustomizer@6b98e3cd, org.springframework.boot.test.json.DuplicateJsonObjectContextCustomizerFactory$DuplicateJsonObjectContextCustomizer@2f54a1dc, org.springframework.boot.test.mock.mockito.MockitoContextCustomizer@0, org.springframework.boot.test.web.client.TestRestTemplateContextCustomizer@2493df3d], resourceBasePath = 'src/main/webapp', contextLoader = 'org.springframework.boot.test.context.SpringBootContextLoader', parent = [null]], attributes = map['org.springframework.test.context.web.ServletTestExecutionListener.activateListener' -> true]], class annotated with @DirtiesContext [false] with mode [null].
20:18:24.195 [Test worker] DEBUG org.springframework.test.annotation.ProfileValueUtils - Retrieved @ProfileValueSourceConfiguration [null] for test class [com.barrelcrash.urlshortener.UrlshortenerApplicationTests]
20:18:24.195 [Test worker] DEBUG org.springframework.test.annotation.ProfileValueUtils - Retrieved ProfileValueSource type [class org.springframework.test.annotation.SystemProfileValueSource] for class [com.barrelcrash.urlshortener.UrlshortenerApplicationTests]
20:18:24.211 [Test worker] DEBUG org.springframework.test.context.support.TestPropertySourceUtils - Adding inlined properties to environment: {spring.jmx.enabled=false, org.springframework.boot.test.context.SpringBootTestContextBootstrapper=true, server.port=-1}

  .   ____          _            __ _ _
 /\\ / ___'_ __ _ _(_)_ __  __ _ \ \ \ \
( ( )\___ | '_ | '_| | '_ \/ _` | \ \ \ \
 \\/  ___)| |_)| | | | | || (_| |  ) ) ) )
  '  |____| .__|_| |_|_| |_\__, | / / / /
 =========|_|==============|___/=/_/_/_/
 :: Spring Boot ::        (v2.1.2.RELEASE)

2019-02-16 20:18:24.447  INFO 19466 --- [    Test worker] c.b.u.UrlshortenerApplicationTests       : Starting UrlshortenerApplicationTests on perosteck with PID 19466 (started by barrelcrash in /home/barrelcrash/repos/urlshortener/backend)
2019-02-16 20:18:24.448  INFO 19466 --- [    Test worker] c.b.u.UrlshortenerApplicationTests       : No active profile set, falling back to default profiles: default
2019-02-16 20:18:25.500  INFO 19466 --- [    Test worker] .s.d.r.c.RepositoryConfigurationDelegate : Bootstrapping Spring Data repositories in DEFAULT mode.
2019-02-16 20:18:25.549  INFO 19466 --- [    Test worker] .s.d.r.c.RepositoryConfigurationDelegate : Finished Spring Data repository scanning in 43ms. Found 1 repository interfaces.
2019-02-16 20:18:25.997  INFO 19466 --- [    Test worker] trationDelegate$BeanPostProcessorChecker : Bean 'org.springframework.transaction.annotation.ProxyTransactionManagementConfiguration' of type [org.springframework.transaction.annotation.ProxyTransactionManagementConfiguration$$EnhancerBySpringCGLIB$$e7b629e0] is not eligible for getting processed by all BeanPostProcessors (for example: not eligible for auto-proxying)
2019-02-16 20:18:26.033  INFO 19466 --- [    Test worker] trationDelegate$BeanPostProcessorChecker : Bean 'org.springframework.hateoas.config.HateoasConfiguration' of type [org.springframework.hateoas.config.HateoasConfiguration$$EnhancerBySpringCGLIB$$67367712] is not eligible for getting processed by all BeanPostProcessors (for example: not eligible for auto-proxying)
2019-02-16 20:18:26.216  INFO 19466 --- [    Test worker] o.f.c.internal.license.VersionPrinter    : Flyway Community Edition 5.2.4 by Boxfuse
2019-02-16 20:18:26.222  INFO 19466 --- [    Test worker] com.zaxxer.hikari.HikariDataSource       : HikariPool-1 - Starting...
2019-02-16 20:18:26.387  INFO 19466 --- [    Test worker] com.zaxxer.hikari.HikariDataSource       : HikariPool-1 - Start completed.
2019-02-16 20:18:26.392  INFO 19466 --- [    Test worker] o.f.c.internal.database.DatabaseFactory  : Database: jdbc:postgresql://localhost:5432/urlshortener (PostgreSQL 10.6)
2019-02-16 20:18:26.429  INFO 19466 --- [    Test worker] o.f.core.internal.command.DbMigrate      : Current version of schema "urlshortener": 2
2019-02-16 20:18:26.430  INFO 19466 --- [    Test worker] o.f.core.internal.command.DbMigrate      : Schema "urlshortener" is up to date. No migration necessary.
2019-02-16 20:18:26.630  INFO 19466 --- [    Test worker] o.hibernate.jpa.internal.util.LogHelper  : HHH000204: Processing PersistenceUnitInfo [
	name: default
	...]
2019-02-16 20:18:26.683  INFO 19466 --- [    Test worker] org.hibernate.Version                    : HHH000412: Hibernate Core {5.3.7.Final}
2019-02-16 20:18:26.684  INFO 19466 --- [    Test worker] org.hibernate.cfg.Environment            : HHH000206: hibernate.properties not found
2019-02-16 20:18:26.827  INFO 19466 --- [    Test worker] o.hibernate.annotations.common.Version   : HCANN000001: Hibernate Commons Annotations {5.0.4.Final}
2019-02-16 20:18:26.925  INFO 19466 --- [    Test worker] org.hibernate.dialect.Dialect            : HHH000400: Using dialect: org.hibernate.dialect.PostgreSQL9Dialect
2019-02-16 20:18:27.034  INFO 19466 --- [    Test worker] o.h.e.j.e.i.LobCreatorBuilderImpl        : HHH000421: Disabling contextual LOB creation as hibernate.jdbc.lob.non_contextual_creation is true
2019-02-16 20:18:27.038  INFO 19466 --- [    Test worker] org.hibernate.type.BasicTypeRegistry     : HHH000270: Type registration [java.util.UUID] overrides previous : org.hibernate.type.UUIDBinaryType@6b692eaa
2019-02-16 20:18:27.408  INFO 19466 --- [    Test worker] j.LocalContainerEntityManagerFactoryBean : Initialized JPA EntityManagerFactory for persistence unit 'default'
2019-02-16 20:18:28.223  WARN 19466 --- [    Test worker] aWebConfiguration$JpaWebMvcConfiguration : spring.jpa.open-in-view is enabled by default. Therefore, database queries may be performed during view rendering. Explicitly configure spring.jpa.open-in-view to disable this warning
2019-02-16 20:18:28.752  INFO 19466 --- [    Test worker] o.s.b.a.e.web.EndpointLinksResolver      : Exposing 2 endpoint(s) beneath base path '/actuator'
2019-02-16 20:18:28.999  INFO 19466 --- [    Test worker] pertySourcedRequestMappingHandlerMapping : Mapped URL path [/v2/api-docs] onto method [public org.springframework.http.ResponseEntity<springfox.documentation.spring.web.json.Json> springfox.documentation.swagger2.web.Swagger2Controller.getDocumentation(java.lang.String,javax.servlet.http.HttpServletRequest)]
2019-02-16 20:18:29.276  INFO 19466 --- [    Test worker] o.s.s.concurrent.ThreadPoolTaskExecutor  : Initializing ExecutorService 'applicationTaskExecutor'
2019-02-16 20:18:29.753  INFO 19466 --- [    Test worker] d.s.w.p.DocumentationPluginsBootstrapper : Context refreshed
2019-02-16 20:18:29.776  INFO 19466 --- [    Test worker] d.s.w.p.DocumentationPluginsBootstrapper : Found 1 custom documentation plugin(s)
2019-02-16 20:18:29.825  INFO 19466 --- [    Test worker] s.d.s.w.s.ApiListingReferenceScanner     : Scanning for api listing references
2019-02-16 20:18:29.947  INFO 19466 --- [    Test worker] .d.s.w.r.o.CachingOperationNameGenerator : Generating unique operation named: handleUsingGET_1
2019-02-16 20:18:29.949  INFO 19466 --- [    Test worker] .d.s.w.r.o.CachingOperationNameGenerator : Generating unique operation named: handleUsingGET_2
2019-02-16 20:18:29.951  INFO 19466 --- [    Test worker] .d.s.w.r.o.CachingOperationNameGenerator : Generating unique operation named: handleUsingGET_3
2019-02-16 20:18:29.962  WARN 19466 --- [    Test worker] s.d.s.w.r.p.ParameterDataTypeReader      : Trying to infer dataType org.springframework.ui.ModelMap
2019-02-16 20:18:29.996  INFO 19466 --- [    Test worker] c.b.u.UrlshortenerApplicationTests       : Started UrlshortenerApplicationTests in 5.778 seconds (JVM running for 6.484)
]]></system-out>
  <system-err><![CDATA[]]></system-err>
</testsuite>
