<?xml version="1.0" encoding="UTF-8"?>
<testsuite name="com.barrelcrash.urlshortener.util.UrlConversionUtilTest" tests="2" skipped="0" failures="0" errors="0" timestamp="2019-02-17T01:18:23" hostname="perosteck" time="0.002">
  <properties/>
  <testcase name="testConvertsToBase52" classname="com.barrelcrash.urlshortener.util.UrlConversionUtilTest" time="0.002"/>
  <testcase name="testConvertsFromBase52" classname="com.barrelcrash.urlshortener.util.UrlConversionUtilTest" time="0.0"/>
  <system-out><![CDATA[]]></system-out>
  <system-err><![CDATA[]]></system-err>
</testsuite>
